[debug] [2020-12-28T12:46:56.009Z] ----------------------------------------------------------------------
[debug] [2020-12-28T12:46:56.012Z] Command:       C:\Program Files\nodejs\node.exe C:\Users\Andy\AppData\Roaming\npm\node_modules\firebase-tools\lib\bin\firebase.js init
[debug] [2020-12-28T12:46:56.013Z] CLI Version:   9.0.1
[debug] [2020-12-28T12:46:56.013Z] Platform:      win32
[debug] [2020-12-28T12:46:56.013Z] Node Version:  v14.14.0
[debug] [2020-12-28T12:46:56.014Z] Time:          Mon Dec 28 2020 06:46:56 GMT-0600 (Central Standard Time)
[debug] [2020-12-28T12:46:56.014Z] ----------------------------------------------------------------------
[debug] [2020-12-28T12:46:56.014Z] 
[debug] [2020-12-28T12:46:56.023Z] > command requires scopes: ["email","openid","https://www.googleapis.com/auth/cloudplatformprojects.readonly","https://www.googleapis.com/auth/firebase","https://www.googleapis.com/auth/cloud-platform"]
[debug] [2020-12-28T12:46:56.024Z] > authorizing via signed-in user
[info] 
     ######## #### ########  ######## ########     ###     ######  ########
     ##        ##  ##     ## ##       ##     ##  ##   ##  ##       ##
     ######    ##  ########  ######   ########  #########  ######  ######
     ##        ##  ##    ##  ##       ##     ## ##     ##       ## ##
     ##       #### ##     ## ######## ########  ##     ##  ######  ########

You're about to initialize a Firebase project in this directory:

  C:\Users\Andy\react1\tindermern\frontend

Before we get started, keep in mind:

  * You are initializing in an existing Firebase project directory

[info] 
=== Project Setup
[info] 
[info] First, let's associate this project directory with a Firebase project.
[info] You can create multiple project aliases by running firebase use --add, 
[info] but for now we'll just set up a default project.
[info] 
[info] i  .firebaserc already has a default project, using fbook-mern. 
[debug] [2020-12-28T12:47:06.492Z] >>> HTTP REQUEST GET https://firebase.googleapis.com/v1beta1/projects/fbook-mern  
 
[debug] [2020-12-28T12:47:06.844Z] <<< HTTP RESPONSE 200 {"content-type":"application/json; charset=UTF-8","vary":"X-Origin, Referer, Origin,Accept-Encoding","date":"Mon, 28 Dec 2020 12:47:08 GMT","server":"ESF","cache-control":"private","x-xss-protection":"0","x-frame-options":"SAMEORIGIN","x-content-type-options":"nosniff","alt-svc":"h3-29=\":443\"; ma=2592000,h3-T051=\":443\"; ma=2592000,h3-Q050=\":443\"; ma=2592000,h3-Q046=\":443\"; ma=2592000,h3-Q043=\":443\"; ma=2592000,quic=\":443\"; ma=2592000; v=\"46,43\"","accept-ranges":"none","transfer-encoding":"chunked"}
[info] 
=== Hosting Setup
[info] 
[info] Your public directory is the folder (relative to your project directory) that
[info] will contain Hosting assets to be uploaded with firebase deploy. If you
[info] have a build process for your assets, use your build's output directory.
[info] 
